A66_National_13_09_01.gsb
auckht1946-nzvd2016.gtx
AUSGeoid09_V1.01.gtx
AUSGeoid2020_20180201.gtx
AUSGeoid98.gtx
blufht1955-nzvd2016.gtx
dublht1960-nzvd2016.gtx
duneht1958-nzvd2016.gtx
GDA94_GDA2020_conformal_and_distortion.gsb
GDA94_GDA2020_conformal_christmas_island.gsb
GDA94_GDA2020_conformal_cocos_island.gsb
GDA94_GDA2020_conformal.gsb
gisbht1926-nzvd2016.gtx
lyttht1937-nzvd2016.gtx
motuht1953-nzvd2016.gtx
napiht1962-nzvd2016.gtx
National_84_02_07_01.gsb
nelsht1955-nzvd2016.gtx
nzgeoid2009.gtx
nzgeoid2016.gtx
ontpht1964-nzvd2016.gtx
README.OCEANIA
stisht1977-nzvd2016.gtx
taraht1970-nzvd2016.gtx
wellht1953-nzvd2016.gtx
